 BLUPF90+ ver. 2.49
 In round        106 convergence =  0.106763517032E-12
 delta convergence =  0.386843473205E-03
-2logL =        49533.453     : AIC =        49539.453    
Genetic variance(s) for effect  2       
   1091.6    
Genetic variance(s) for effect  3       
   2303.7    
Residual variance(s)
   1806.4    
inverse of AI matrix (Sampling Variance)
   39081.      -44446.      -1409.0    
  -44446.       76910.      -371.81    
  -1409.0      -371.81       2765.9    
Correlations from inverse of AI matrix
   1.0000     -0.81070     -0.13552    
 -0.81070       1.0000     -0.25493E-01
 -0.13552     -0.25493E-01   1.0000    
SE for G
   197.69    
SE for G
   277.33    
SE for R
   52.592    
